Arguments: 
  D:\ProgramData\nodejs\node.exe C:\Users\PC\AppData\Roaming\npm\node_modules\yarn\bin\yarn.js login

PATH: 
  C:\Users\PC\bin;C:\Program Files\Git\mingw64\bin;C:\Program Files\Git\usr\local\bin;C:\Program Files\Git\usr\bin;C:\Program Files\Git\usr\bin;C:\Program Files\Git\mingw64\bin;C:\Program Files\Git\usr\bin;C:\Users\PC\bin;D:\ProgramData\Python39\Scripts;D:\ProgramData\Python39;C:\Program Files\Common Files\Oracle\Java\javapath;C:\Windows\system32;C:\Windows;C:\Windows\System32\Wbem;C:\Windows\System32\WindowsPowerShell\v1.0;C:\Windows\System32\OpenSSH;D:\ProgramData\nodejs;C:\Program Files\Git\cmd;D:\ProgramData\xampp\php;C:\ProgramData\ComposerSetup\bin;C:\Program Files (x86)\PuTTY;C:\Users\PC\.dnx\bin;C:\Program Files\Microsoft DNX\Dnvm;C:\Program Files (x86)\Windows Kits\8.1\Windows Performance Toolkit;C:\Program Files\Microsoft SQL Server\130\Tools\Binn;D:\ProgramData\Go\bin;C:\Program Files\MySQL\MySQL Shell 8.0\bin;C:\Users\PC\AppData\Local\Microsoft\WindowsApps;D:\ProgramData\Microsoft VS Code\bin;C:\Users\PC\AppData\Roaming\npm;C:\Users\PC\AppData\Roaming\Composer\vendor\bin;D:\ProgramData\flutter\bin;D:\ProgramData\MongoDB\Server\5.0\bin;D:\ProgramData\deno;D:\ProgramData\Android\Sdk\platform-tools;D:\ProgramData\nginx;D:\ProgramData\heroku\bin;C:\Users\PC\go\bin;C:\Program Files\Git\usr\bin\vendor_perl;C:\Program Files\Git\usr\bin\core_perl

Yarn version: 
  1.22.11

Node version: 
  14.17.6

Platform: 
  win32 x64

Trace: 
  Error: Can't answer a question unless a user TTY
      at ConsoleReporter.question (C:\Users\PC\AppData\Roaming\npm\node_modules\yarn\lib\cli.js:96815:59)
      at C:\Users\PC\AppData\Roaming\npm\node_modules\yarn\lib\cli.js:33212:33
      at Generator.next (<anonymous>)
      at step (C:\Users\PC\AppData\Roaming\npm\node_modules\yarn\lib\cli.js:310:30)
      at C:\Users\PC\AppData\Roaming\npm\node_modules\yarn\lib\cli.js:328:14
      at new Promise (<anonymous>)
      at new F (C:\Users\PC\AppData\Roaming\npm\node_modules\yarn\lib\cli.js:5301:28)
      at C:\Users\PC\AppData\Roaming\npm\node_modules\yarn\lib\cli.js:307:12
      at getCredentials (C:\Users\PC\AppData\Roaming\npm\node_modules\yarn\lib\cli.js:33233:17)
      at Object.<anonymous> (C:\Users\PC\AppData\Roaming\npm\node_modules\yarn\lib\cli.js:33341:11)

npm manifest: 
  {
    "name": "bihongojs",
    "version": "1.0.0",
    "main": "index.js",
    "repository": "https://github.com/SojebSikder/bihongojs.git",
    "author": "Sojeb Sikder <sojebsikder@gmail.com>",
    "license": "MIT"
  }

yarn manifest: 
  No manifest

Lockfile: 
  No lockfile
